<?xml version="1.0" encoding="UTF-8"?>
<testng-results ignored="0" total="1" passed="0" failed="1" skipped="0">
  <reporter-output>
  </reporter-output>
  <suite started-at="2022-08-15T22:28:44 IST" name="Default suite" finished-at="2022-08-15T22:29:41 IST" duration-ms="57256">
    <groups>
    </groups>
    <test started-at="2022-08-15T22:28:44 IST" name="Default test" finished-at="2022-08-15T22:29:41 IST" duration-ms="57256">
      <class name="com.RCRM.tests.undrosTest">
        <test-method is-config="true" signature="launch()[pri:0, instance:com.RCRM.tests.undrosTest@29176cc1]" started-at="2022-08-15T22:28:44 IST" name="launch" finished-at="2022-08-15T22:28:53 IST" duration-ms="8803" status="PASS">
          <reporter-output>
          </reporter-output>
        </test-method> <!-- launch -->
        <test-method signature="recharge()[pri:0, instance:com.RCRM.tests.undrosTest@29176cc1]" started-at="2022-08-15T22:28:53 IST" name="recharge" finished-at="2022-08-15T22:29:41 IST" duration-ms="48026" status="FAIL">
          <exception class="java.lang.AssertionError">
            <message>
              <![CDATA[expected [Recharge Successful] but found [Error: El operador presenta intermitencia, por favor cont치ctanos

Cont치ctanos en care@undostres.com.mx]]]>
            </message>
            <full-stacktrace>
              <![CDATA[java.lang.AssertionError: expected [Recharge Successful] but found [Error: El operador presenta intermitencia, por favor cont치ctanos

Cont치ctanos en care@undostres.com.mx]
at org.testng.Assert.fail(Assert.java:99)
at org.testng.Assert.failNotEquals(Assert.java:1037)
at org.testng.Assert.assertEqualsImpl(Assert.java:140)
at org.testng.Assert.assertEquals(Assert.java:122)
at org.testng.Assert.assertEquals(Assert.java:629)
at org.testng.Assert.assertEquals(Assert.java:639)
at com.RCRM.pages.undrosBase.login(undrosBase.java:118)
at com.RCRM.tests.undrosTest.recharge(undrosTest.java:20)
at java.base/jdk.internal.reflect.DirectMethodHandleAccessor.invoke(DirectMethodHandleAccessor.java:104)
at java.base/java.lang.reflect.Method.invoke(Method.java:577)
at org.testng.internal.MethodInvocationHelper.invokeMethod(MethodInvocationHelper.java:133)
at org.testng.internal.TestInvoker.invokeMethod(TestInvoker.java:598)
at org.testng.internal.TestInvoker.invokeTestMethod(TestInvoker.java:173)
at org.testng.internal.MethodRunner.runInSequence(MethodRunner.java:46)
at org.testng.internal.TestInvoker$MethodInvocationAgent.invoke(TestInvoker.java:824)
at org.testng.internal.TestInvoker.invokeTestMethods(TestInvoker.java:146)
at org.testng.internal.TestMethodWorker.invokeTestMethods(TestMethodWorker.java:146)
at org.testng.internal.TestMethodWorker.run(TestMethodWorker.java:128)
at java.base/java.util.ArrayList.forEach(ArrayList.java:1511)
at org.testng.TestRunner.privateRun(TestRunner.java:794)
at org.testng.TestRunner.run(TestRunner.java:596)
at org.testng.SuiteRunner.runTest(SuiteRunner.java:377)
at org.testng.SuiteRunner.runSequentially(SuiteRunner.java:371)
at org.testng.SuiteRunner.privateRun(SuiteRunner.java:332)
at org.testng.SuiteRunner.run(SuiteRunner.java:276)
at org.testng.SuiteRunnerWorker.runSuite(SuiteRunnerWorker.java:53)
at org.testng.SuiteRunnerWorker.run(SuiteRunnerWorker.java:96)
at org.testng.TestNG.runSuitesSequentially(TestNG.java:1212)
at org.testng.TestNG.runSuitesLocally(TestNG.java:1134)
at org.testng.TestNG.runSuites(TestNG.java:1063)
at org.testng.TestNG.run(TestNG.java:1031)
at org.testng.remote.AbstractRemoteTestNG.run(AbstractRemoteTestNG.java:115)
at org.testng.remote.RemoteTestNG.initAndRun(RemoteTestNG.java:251)
at org.testng.remote.RemoteTestNG.main(RemoteTestNG.java:77)
]]>
            </full-stacktrace>
          </exception> <!-- java.lang.AssertionError -->
          <reporter-output>
          </reporter-output>
        </test-method> <!-- recharge -->
        <test-method is-config="true" signature="tearDown()[pri:0, instance:com.RCRM.tests.undrosTest@29176cc1]" started-at="2022-08-15T22:29:41 IST" name="tearDown" finished-at="2022-08-15T22:29:41 IST" duration-ms="351" status="PASS">
          <reporter-output>
          </reporter-output>
        </test-method> <!-- tearDown -->
      </class> <!-- com.RCRM.tests.undrosTest -->
    </test> <!-- Default test -->
  </suite> <!-- Default suite -->
</testng-results>
